#
# There is insufficient memory for the Java Runtime Environment to continue.
# Native memory allocation (mmap) failed to map 264241152 bytes for G1 virtual space
# Possible reasons:
#   The system is out of physical RAM or swap space
#   The process is running with CompressedOops enabled, and the Java Heap may be blocking the growth of the native heap
# Possible solutions:
#   Reduce memory load on the system
#   Increase physical memory or swap space
#   Check if swap backing store is full
#   Decrease Java heap size (-Xmx/-Xms)
#   Decrease number of Java threads
#   Decrease Java thread stack sizes (-Xss)
#   Set larger code cache with -XX:ReservedCodeCacheSize=
#   JVM is running with Zero Based Compressed Oops mode in which the Java heap is
#     placed in the first 32GB address space. The Java Heap base address is the
#     maximum limit for the native heap growth. Please use -XX:HeapBaseMinAddress
#     to set the Java Heap base and to place the Java Heap above 32GB virtual address.
# This output file may be truncated or incomplete.
#
#  Out of Memory Error (os_windows.cpp:3548), pid=13848, tid=16676
#
# JRE version:  (17.0.12+8) (build )
# Java VM: Java HotSpot(TM) 64-Bit Server VM (17.0.12+8-LTS-286, mixed mode, sharing, tiered, compressed oops, compressed class ptrs, g1 gc, windows-amd64)
# No core dump will be written. Minidumps are not enabled by default on client versions of Windows
#

---------------  S U M M A R Y ------------

Command Line: 

Host: 12th Gen Intel(R) Core(TM) i5-12450H, 12 cores, 15G,  Windows 11 , 64 bit Build 26100 (10.0.26100.6725)
Time: Sat Oct 18 15:14:01 2025 India Standard Time elapsed time: 1.440943 seconds (0d 0h 0m 1s)

---------------  T H R E A D  ---------------

Current thread (0x000002c32700eed0):  JavaThread "Unknown thread" [_thread_in_vm, id=16676, stack(0x000000e47fe00000,0x000000e47ff00000)]

Stack: [0x000000e47fe00000,0x000000e47ff00000]
Native frames: (J=compiled Java code, j=interpreted, Vv=VM code, C=native code)
V  [jvm.dll+0x67a04a]
V  [jvm.dll+0x7da4ed]
V  [jvm.dll+0x7dbe33]
V  [jvm.dll+0x7dc4a3]
V  [jvm.dll+0x24508f]
V  [jvm.dll+0x677089]
V  [jvm.dll+0x66bd32]
V  [jvm.dll+0x301fa6]
V  [jvm.dll+0x309546]
V  [jvm.dll+0x359d2e]
V  [jvm.dll+0x359f5f]
V  [jvm.dll+0x2d9078]
V  [jvm.dll+0x2d9fe4]
V  [jvm.dll+0x7aca21]
V  [jvm.dll+0x367591]
V  [jvm.dll+0x78b999]
V  [jvm.dll+0x3ec83f]
V  [jvm.dll+0x3ee471]
C  [jli.dll+0x5297]
C  [ucrtbase.dll+0x37b0]
C  [KERNEL32.DLL+0x2e8d7]
C  [ntdll.dll+0x8c53c]


---------------  P R O C E S S  ---------------

Threads class SMR info:
_java_thread_list=0x00007ffa84c17a18, length=0, elements={
}

Java Threads: ( => current thread )

Other Threads:
  0x000002c32707e1f0 GCTaskThread "GC Thread#0" [stack: 0x000000e47ff00000,0x000000e480000000] [id=22044]
  0x000002c32708fbe0 ConcurrentGCThread "G1 Main Marker" [stack: 0x000000e400000000,0x000000e400100000] [id=29604]
  0x000002c3270911d0 ConcurrentGCThread "G1 Conc#0" [stack: 0x000000e400100000,0x000000e400200000] [id=19100]

[error occurred during error reporting (printing all threads), id 0xc0000005, EXCEPTION_ACCESS_VIOLATION (0xc0000005) at pc=0x00007ffa84449b67]

VM state: not at safepoint (not fully initialized)

VM Mutex/Monitor currently owned by a thread:  ([mutex/lock_event])
[0x000002c32700ceb0] Heap_lock - owner thread: 0x000002c32700eed0

Heap address: 0x0000000704800000, size: 4024 MB, Compressed Oops mode: Zero based, Oop shift amount: 3

CDS archive(s) mapped at: [0x0000000000000000-0x0000000000000000-0x0000000000000000), size 0, SharedBaseAddress: 0x0000000800000000, ArchiveRelocationMode: 1.
Narrow klass base: 0x0000000000000000, Narrow klass shift: 0, Narrow klass range: 0x0

GC Precious Log:
<Empty>

Heap:
 garbage-first heap   total 0K, used 0K [0x0000000704800000, 0x0000000800000000)
  region size 2048K, 0 young (0K), 0 survivors (0K)

[error occurred during error reporting (printing heap information), id 0xc0000005, EXCEPTION_ACCESS_VIOLATION (0xc0000005) at pc=0x00007ffa84833859]

GC Heap History (0 events):
No events

Deoptimization events (0 events):
No events

Classes unloaded (0 events):
No events

Classes redefined (0 events):
No events

Internal exceptions (0 events):
No events

VM Operations (0 events):
No events

Events (1 events):
Event: 0.007 Loaded shared library C:\Program Files\Java\jdk-17\bin\java.dll


Dynamic libraries:
0x00007ff762590000 - 0x00007ff7625a0000 	C:\Program Files\Java\jdk-17\bin\java.exe
0x00007ffb51ba0000 - 0x00007ffb51e08000 	C:\WINDOWS\SYSTEM32\ntdll.dll
0x00007ffb51300000 - 0x00007ffb513c9000 	C:\WINDOWS\System32\KERNEL32.DLL
0x00007ffb4f570000 - 0x00007ffb4f962000 	C:\WINDOWS\System32\KERNELBASE.dll
0x00007ffb4edf0000 - 0x00007ffb4ef3b000 	C:\WINDOWS\System32\ucrtbase.dll
0x00007ffb1a8d0000 - 0x00007ffb1a8e9000 	C:\Program Files\Java\jdk-17\bin\jli.dll
0x00007ffb1a7e0000 - 0x00007ffb1a7fb000 	C:\Program Files\Java\jdk-17\bin\VCRUNTIME140.dll
0x00007ffb509c0000 - 0x00007ffb50a74000 	C:\WINDOWS\System32\ADVAPI32.dll
0x00007ffb51490000 - 0x00007ffb51539000 	C:\WINDOWS\System32\msvcrt.dll
0x00007ffb513e0000 - 0x00007ffb51486000 	C:\WINDOWS\System32\sechost.dll
0x00007ffb50b00000 - 0x00007ffb50c18000 	C:\WINDOWS\System32\RPCRT4.dll
0x00007ffb51540000 - 0x00007ffb51705000 	C:\WINDOWS\System32\USER32.dll
0x00007ffb4ef40000 - 0x00007ffb4ef67000 	C:\WINDOWS\System32\win32u.dll
0x00007ffb365f0000 - 0x00007ffb36883000 	C:\WINDOWS\WinSxS\amd64_microsoft.windows.common-controls_6595b64144ccf1df_6.0.26100.6899_none_3e0efeeae32e88c1\COMCTL32.dll
0x00007ffb512d0000 - 0x00007ffb512fb000 	C:\WINDOWS\System32\GDI32.dll
0x00007ffb4f2c0000 - 0x00007ffb4f3ed000 	C:\WINDOWS\System32\gdi32full.dll
0x00007ffb4f0a0000 - 0x00007ffb4f143000 	C:\WINDOWS\System32\msvcp_win.dll
0x00007ffb439a0000 - 0x00007ffb439ab000 	C:\WINDOWS\SYSTEM32\VERSION.dll
0x00007ffb51180000 - 0x00007ffb511af000 	C:\WINDOWS\System32\IMM32.DLL
0x00007ffb1aa50000 - 0x00007ffb1aa5c000 	C:\Program Files\Java\jdk-17\bin\vcruntime140_1.dll
0x00007ffb089e0000 - 0x00007ffb08a6e000 	C:\Program Files\Java\jdk-17\bin\msvcp140.dll
0x00007ffa84160000 - 0x00007ffa84d40000 	C:\Program Files\Java\jdk-17\bin\server\jvm.dll
0x00007ffb511c0000 - 0x00007ffb511c8000 	C:\WINDOWS\System32\PSAPI.DLL
0x00007ffb12570000 - 0x00007ffb1257a000 	C:\WINDOWS\SYSTEM32\WSOCK32.dll
0x00007ffb43a40000 - 0x00007ffb43a75000 	C:\WINDOWS\SYSTEM32\WINMM.dll
0x00007ffb51710000 - 0x00007ffb51784000 	C:\WINDOWS\System32\WS2_32.dll
0x00007ffb4da40000 - 0x00007ffb4da5b000 	C:\WINDOWS\SYSTEM32\kernel.appcore.dll
0x00007ffb10770000 - 0x00007ffb1077a000 	C:\Program Files\Java\jdk-17\bin\jimage.dll
0x00007ffb4c3c0000 - 0x00007ffb4c602000 	C:\WINDOWS\SYSTEM32\DBGHELP.DLL
0x00007ffb505e0000 - 0x00007ffb5095b000 	C:\WINDOWS\System32\combase.dll
0x00007ffb511d0000 - 0x00007ffb512a7000 	C:\WINDOWS\System32\OLEAUT32.dll
0x00007ffb35250000 - 0x00007ffb3528c000 	C:\WINDOWS\SYSTEM32\dbgcore.DLL
0x00007ffb4f000000 - 0x00007ffb4f098000 	C:\WINDOWS\System32\bcryptPrimitives.dll
0x00007ffb0dd70000 - 0x00007ffb0dd95000 	C:\Program Files\Java\jdk-17\bin\java.dll

dbghelp: loaded successfully - version: 4.0.5 - missing functions: none
symbol engine: initialized successfully - sym options: 0x614 - pdb path: .;C:\Program Files\Java\jdk-17\bin;C:\WINDOWS\SYSTEM32;C:\WINDOWS\WinSxS\amd64_microsoft.windows.common-controls_6595b64144ccf1df_6.0.26100.6899_none_3e0efeeae32e88c1;C:\Program Files\Java\jdk-17\bin\server

VM Arguments:
java_command: <unknown>
java_class_path (initial): <not set>
Launcher Type: SUN_STANDARD

[Global flags]
     intx CICompilerCount                          = 4                                         {product} {ergonomic}
     uint ConcGCThreads                            = 3                                         {product} {ergonomic}
     uint G1ConcRefinementThreads                  = 10                                        {product} {ergonomic}
   size_t G1HeapRegionSize                         = 2097152                                   {product} {ergonomic}
    uintx GCDrainStackTargetSize                   = 64                                        {product} {ergonomic}
   size_t InitialHeapSize                          = 264241152                                 {product} {ergonomic}
   size_t MarkStackSize                            = 4194304                                   {product} {ergonomic}
   size_t MaxHeapSize                              = 4219469824                                {product} {ergonomic}
   size_t MinHeapDeltaBytes                        = 2097152                                   {product} {ergonomic}
   size_t MinHeapSize                              = 8388608                                   {product} {ergonomic}
    uintx NonNMethodCodeHeapSize                   = 5839372                                {pd product} {ergonomic}
    uintx NonProfiledCodeHeapSize                  = 122909434                              {pd product} {ergonomic}
    uintx ProfiledCodeHeapSize                     = 122909434                              {pd product} {ergonomic}
    uintx ReservedCodeCacheSize                    = 251658240                              {pd product} {ergonomic}
     bool SegmentedCodeCache                       = true                                      {product} {ergonomic}
   size_t SoftMaxHeapSize                          = 4219469824                             {manageable} {ergonomic}
     bool UseCompressedClassPointers               = true                           {product lp64_product} {ergonomic}
     bool UseCompressedOops                        = true                           {product lp64_product} {ergonomic}
     bool UseG1GC                                  = true                                      {product} {ergonomic}
     bool UseLargePagesIndividualAllocation        = false                                  {pd product} {ergonomic}

Logging:
Log output configuration:
 #0: stdout all=warning uptime,level,tags
 #1: stderr all=off uptime,level,tags

Environment Variables:
PATH=D:\My_App\Fuel_App\node_modules\.bin;D:\My_App\Fuel_App\node_modules\.bin;D:\My_App\node_modules\.bin;D:\node_modules\.bin;C:\Program Files\nodejs\node_modules\npm\node_modules\@npmcli\run-script\lib\node-gyp-bin;C:\Program Files\Common Files\Oracle\Java\javapath;C:\Program Files (x86)\Common Files\Oracle\Java\java8path;C:\Program Files (x86)\Common Files\Oracle\Java\javapath;C:\Windows\system32;C:\Windows;C:\Windows\System32\Wbem;C:\Windows\System32\WindowsPowerShell\v1.0\;C:\Windows\System32\OpenSSH\;C:\Program Files (x86)\NVIDIA Corporation\PhysX\Common;C:\Program Files\NVIDIA Corporation\NVIDIA NvDLISR;C:\WINDOWS\system32;C:\WINDOWS;C:\WINDOWS\System32\Wbem;C:\WINDOWS\System32\WindowsPowerShell\v1.0\;C:\WINDOWS\System32\OpenSSH\;C:\Program Files\Git\cmd;C:\Program Files\nodejs\;C:\Program Files\mongodb-database-tools-windows-x86_64-100.12.2\bin;C:\Users\sunis\AppData\Local\Android\Sdk\platform-tools;C:\Users\sunis\AppData\Local\Android\Sdk;C:\Users\sunis\AppData\Roaming\npm;$env:PATH;C:\Users\sunis\AppData\Roaming\npm;C:\Users\sunis\AppData\Local\Programs\Microsoft VS Code\bin
USERNAME=sunis
LANG=en_US.UTF-8
OS=Windows_NT
PROCESSOR_IDENTIFIER=Intel64 Family 6 Model 154 Stepping 3, GenuineIntel



---------------  S Y S T E M  ---------------

OS:
 Windows 11 , 64 bit Build 26100 (10.0.26100.6725)
OS uptime: 2 days 11:25 hours
Hyper-V role detected

CPU: total 12 (initial active 12) (6 cores per cpu, 2 threads per core) family 6 model 154 stepping 3 microcode 0x423, cx8, cmov, fxsr, ht, mmx, 3dnowpref, sse, sse2, sse3, ssse3, sse4.1, sse4.2, popcnt, lzcnt, tsc, tscinvbit, avx, avx2, aes, erms, clmul, bmi1, bmi2, adx, sha, fma, vzeroupper, clflush, clflushopt, clwb, hv

Memory: 4k page, system-wide physical 16088M (634M free)
TotalPageFile size 45723M (AvailPageFile size 99M)
current process WorkingSet (physical memory assigned to process): 12M, peak: 12M
current process commit charge ("private bytes"): 64M, peak: 316M

vm_info: Java HotSpot(TM) 64-Bit Server VM (17.0.12+8-LTS-286) for windows-amd64 JRE (17.0.12+8-LTS-286), built on Jun  5 2024 06:46:59 by "mach5one" with MS VC++ 17.6 (VS2022)

END.
